2023-05-29 12:29:52,455 [http-nio-8080-exec-2] INFO  org.springframework.web.servlet.DispatcherServlet(initServletBean:532) - Initializing Servlet 'dispatcherServlet'
2023-05-29 12:29:52,461 [http-nio-8080-exec-2] DEBUG org.springframework.web.servlet.DispatcherServlet(initMultipartResolver:528) - Detected StandardServletMultipartResolver
2023-05-29 12:29:52,461 [http-nio-8080-exec-2] DEBUG org.springframework.web.servlet.DispatcherServlet(initLocaleResolver:552) - Detected AcceptHeaderLocaleResolver
2023-05-29 12:29:52,461 [http-nio-8080-exec-2] DEBUG org.springframework.web.servlet.DispatcherServlet(initThemeResolver:578) - Detected FixedThemeResolver
2023-05-29 12:29:52,462 [http-nio-8080-exec-2] DEBUG org.springframework.web.servlet.DispatcherServlet(initRequestToViewNameTranslator:728) - Detected org.springframework.web.servlet.view.DefaultRequestToViewNameTranslator@59fa5a39
2023-05-29 12:29:52,463 [http-nio-8080-exec-2] DEBUG org.springframework.web.servlet.DispatcherServlet(initFlashMapManager:792) - Detected org.springframework.web.servlet.support.SessionFlashMapManager@7ca0aa55
2023-05-29 12:29:52,463 [http-nio-8080-exec-2] DEBUG org.springframework.web.servlet.DispatcherServlet(initServletBean:549) - enableLoggingRequestDetails='false': request parameters and headers will be masked to prevent unsafe logging of potentially sensitive data
2023-05-29 12:29:52,463 [http-nio-8080-exec-2] INFO  org.springframework.web.servlet.DispatcherServlet(initServletBean:554) - Completed initialization in 2 ms
2023-05-29 12:29:52,486 [http-nio-8080-exec-2] DEBUG org.springframework.web.servlet.mvc.method.annotation.RequestMappingHandlerMapping(getHandler:528) - Mapped to com.cuping.cupingbe.controller.MemberController#signup(String, MemberSignupRequest)
2023-05-29 12:29:52,487 [http-nio-8080-exec-2] DEBUG org.springframework.web.servlet.mvc.method.annotation.RequestMappingHandlerMapping(getHandler:528) - Mapped to com.cuping.cupingbe.controller.MemberController#signup(String, MemberSignupRequest)
2023-05-29 12:29:52,488 [http-nio-8080-exec-2] DEBUG org.springframework.web.servlet.mvc.method.annotation.RequestMappingHandlerMapping(getHandler:528) - Mapped to com.cuping.cupingbe.controller.MemberController#signup(String, MemberSignupRequest)
2023-05-29 12:29:52,488 [http-nio-8080-exec-2] DEBUG org.springframework.web.servlet.mvc.method.annotation.RequestMappingHandlerMapping(getHandler:528) - Mapped to com.cuping.cupingbe.controller.MemberController#signup(String, MemberSignupRequest)
2023-05-29 12:29:52,488 [http-nio-8080-exec-2] DEBUG org.springframework.web.servlet.mvc.method.annotation.RequestMappingHandlerMapping(getHandler:528) - Mapped to com.cuping.cupingbe.controller.MemberController#signup(String, MemberSignupRequest)
2023-05-29 12:29:52,488 [http-nio-8080-exec-2] DEBUG org.springframework.web.servlet.mvc.method.annotation.RequestMappingHandlerMapping(getHandler:528) - Mapped to com.cuping.cupingbe.controller.MemberController#signup(String, MemberSignupRequest)
2023-05-29 12:29:52,488 [http-nio-8080-exec-2] DEBUG org.springframework.web.servlet.mvc.method.annotation.RequestMappingHandlerMapping(getHandler:528) - Mapped to com.cuping.cupingbe.controller.MemberController#signup(String, MemberSignupRequest)
2023-05-29 12:29:52,489 [http-nio-8080-exec-2] DEBUG org.springframework.web.servlet.mvc.method.annotation.RequestMappingHandlerMapping(getHandler:528) - Mapped to com.cuping.cupingbe.controller.MemberController#signup(String, MemberSignupRequest)
2023-05-29 12:29:52,489 [http-nio-8080-exec-2] DEBUG org.springframework.web.servlet.mvc.method.annotation.RequestMappingHandlerMapping(getHandler:528) - Mapped to com.cuping.cupingbe.controller.MemberController#signup(String, MemberSignupRequest)
2023-05-29 12:29:52,489 [http-nio-8080-exec-2] DEBUG org.springframework.security.web.FilterChainProxy(doFilterInternal:223) - Securing POST /signup/USER
2023-05-29 12:29:52,494 [http-nio-8080-exec-2] DEBUG org.springframework.web.servlet.mvc.method.annotation.RequestMappingHandlerMapping(getHandler:528) - Mapped to com.cuping.cupingbe.controller.MemberController#signup(String, MemberSignupRequest)
2023-05-29 12:29:52,497 [http-nio-8080-exec-2] DEBUG org.springframework.security.web.authentication.AnonymousAuthenticationFilter(defaultWithAnonymous:119) - Set SecurityContextHolder to anonymous SecurityContext
2023-05-29 12:29:52,497 [http-nio-8080-exec-2] DEBUG org.springframework.web.servlet.mvc.method.annotation.RequestMappingHandlerMapping(getHandler:528) - Mapped to com.cuping.cupingbe.controller.MemberController#signup(String, MemberSignupRequest)
2023-05-29 12:29:52,503 [http-nio-8080-exec-2] DEBUG org.springframework.security.web.access.intercept.FilterSecurityInterceptor(beforeInvocation:224) - Authorized filter invocation [POST /signup/USER] with attributes [permitAll]
2023-05-29 12:29:52,503 [http-nio-8080-exec-2] DEBUG org.springframework.security.web.FilterChainProxy(lambda$doFilterInternal$3:227) - Secured POST /signup/USER
2023-05-29 12:29:52,505 [http-nio-8080-exec-2] DEBUG org.springframework.web.servlet.DispatcherServlet(traceDebug:120) - POST "/signup/USER", parameters={}
2023-05-29 12:29:52,506 [http-nio-8080-exec-2] DEBUG org.springframework.web.servlet.mvc.method.annotation.RequestMappingHandlerMapping(getHandler:528) - Mapped to com.cuping.cupingbe.controller.MemberController#signup(String, MemberSignupRequest)
2023-05-29 12:29:52,506 [http-nio-8080-exec-2] DEBUG org.springframework.orm.jpa.support.OpenEntityManagerInViewInterceptor(preHandle:86) - Opening JPA EntityManager in OpenEntityManagerInViewInterceptor
2023-05-29 12:29:52,599 [http-nio-8080-exec-2] DEBUG org.springframework.web.servlet.mvc.method.annotation.RequestResponseBodyMethodProcessor(traceDebug:120) - Read "application/json;charset=UTF-8" to [com.cuping.cupingbe.dto.MemberSignupRequest@79f34c71]
2023-05-29 12:29:52,606 [http-nio-8080-exec-2] DEBUG org.springframework.orm.jpa.JpaTransactionManager(doGetTransaction:374) - Found thread-bound EntityManager [SessionImpl(427239517<open>)] for JPA transaction
2023-05-29 12:29:52,606 [http-nio-8080-exec-2] DEBUG org.springframework.orm.jpa.JpaTransactionManager(getTransaction:370) - Creating new transaction with name [com.cuping.cupingbe.service.MemberService.signup]: PROPAGATION_REQUIRED,ISOLATION_DEFAULT
2023-05-29 12:29:52,621 [http-nio-8080-exec-2] DEBUG org.springframework.orm.jpa.JpaTransactionManager(doBegin:439) - Exposing JPA transaction as JDBC [org.springframework.orm.jpa.vendor.HibernateJpaDialect$HibernateConnectionHandle@78162858]
2023-05-29 12:29:52,865 [http-nio-8080-exec-2] DEBUG org.springframework.orm.jpa.JpaTransactionManager(doGetTransaction:374) - Found thread-bound EntityManager [SessionImpl(427239517<open>)] for JPA transaction
2023-05-29 12:29:52,865 [http-nio-8080-exec-2] DEBUG org.springframework.orm.jpa.JpaTransactionManager(handleExistingTransaction:470) - Participating in existing transaction
2023-05-29 12:29:52,892 [http-nio-8080-exec-2] DEBUG org.springframework.orm.jpa.JpaTransactionManager(processRollback:842) - Participating transaction failed - marking existing transaction as rollback-only
2023-05-29 12:29:52,892 [http-nio-8080-exec-2] DEBUG org.springframework.orm.jpa.JpaTransactionManager(doSetRollbackOnly:607) - Setting JPA transaction on EntityManager [SessionImpl(427239517<open>)] rollback-only
2023-05-29 12:29:52,896 [http-nio-8080-exec-2] DEBUG org.springframework.orm.jpa.JpaTransactionManager(processRollback:833) - Initiating transaction rollback
2023-05-29 12:29:52,896 [http-nio-8080-exec-2] DEBUG org.springframework.orm.jpa.JpaTransactionManager(doRollback:582) - Rolling back JPA transaction on EntityManager [SessionImpl(427239517<open>)]
2023-05-29 12:29:52,906 [http-nio-8080-exec-2] DEBUG org.springframework.orm.jpa.JpaTransactionManager(doCleanupAfterCompletion:652) - Not closing pre-bound JPA EntityManager after transaction
2023-05-29 12:29:52,909 [http-nio-8080-exec-2] DEBUG org.springframework.web.servlet.mvc.method.annotation.ExceptionHandlerExceptionResolver(doResolveHandlerMethodException:401) - Using @ExceptionHandler com.cuping.cupingbe.global.exception.GlobalExceptionHandler#handleException(Exception)
2023-05-29 12:29:52,926 [http-nio-8080-exec-2] DEBUG org.springframework.web.servlet.mvc.method.annotation.HttpEntityMethodProcessor(writeWithMessageConverters:275) - Using 'application/json', given [*/*] and supported [application/json, application/*+json]
2023-05-29 12:29:52,928 [http-nio-8080-exec-2] DEBUG org.springframework.web.servlet.mvc.method.annotation.HttpEntityMethodProcessor(traceDebug:120) - Writing [com.cuping.cupingbe.global.util.Message@12b93225]
2023-05-29 12:29:52,952 [http-nio-8080-exec-2] DEBUG org.springframework.web.servlet.mvc.method.annotation.ExceptionHandlerExceptionResolver(resolveException:145) - Resolved [org.springframework.dao.DataIntegrityViolationException: not-null property references a null or transient value : com.cuping.cupingbe.entity.User.email]
2023-05-29 12:29:52,952 [http-nio-8080-exec-2] DEBUG org.springframework.orm.jpa.support.OpenEntityManagerInViewInterceptor(afterCompletion:111) - Closing JPA EntityManager in OpenEntityManagerInViewInterceptor
2023-05-29 12:29:52,953 [http-nio-8080-exec-2] DEBUG org.springframework.web.servlet.DispatcherServlet(logResult:1135) - Completed 500 INTERNAL_SERVER_ERROR
